[     639ms] [WARNING] var __dworker_1784116017014__={};
__dworker_1784116017014__.default=function(e,t){for(var n in t){var r=t[n],o=!1;if("[object Array]"===Object.prototype.toString.call(r))for(var i=0;i<r.length;i++){var a=r[i];for(var u in a)if("customInfo"!==u){var c=a[u];switch(Object.prototype.toString.call(c)){case"[object RegExp]":o=c.test(e[u]);break;case"[object String]":o=c===e[u];break;default:o=e[u]===c}if(!o)break}if(o)return[n,a.customInfo]}}return[]};

(function M(e,t,n){e.addEventListener("message",(function(r){var o=r.data;try{var i=o.id;if("RPC"!==o.type||null==i)return;if(o.method){var a=t[o.method];null==a?e.postMessage({type:"RPC",id:i,error:"NO_SUCH_METHOD"}):Promise.resolve().then((function(){return a.apply(null,o.params)})).then((function(t){e.postMessage({type:"RPC",id:i,result:t})})).catch((function(t){e.postMessage({type:"RPC",id:i,error:""+t})}))}else{var u=n[i];if(null==u)throw Error("Unknown callback ".concat(i));delete n[i],o.error?u[1](Error(o.error)):u[0](o.result)}}catch(e){console.error("worker addEventListener error",e)}}))})(self,__dworker_1784116017014__,{}); @ https://o.alicdn.com/dawn/dawn-tracker-aliyun/index.umd.js:0
[    1162ms] [WARNING] var __dworker_1784116017537__={};
__dworker_1784116017537__.default=function(e,t){for(var n in t){var r=t[n],o=!1;if("[object Array]"===Object.prototype.toString.call(r))for(var i=0;i<r.length;i++){var a=r[i];for(var u in a)if("customInfo"!==u){var c=a[u];switch(Object.prototype.toString.call(c)){case"[object RegExp]":o=c.test(e[u]);break;case"[object String]":o=c===e[u];break;default:o=e[u]===c}if(!o)break}if(o)return[n,a.customInfo]}}return[]};

(function M(e,t,n){e.addEventListener("message",(function(r){var o=r.data;try{var i=o.id;if("RPC"!==o.type||null==i)return;if(o.method){var a=t[o.method];null==a?e.postMessage({type:"RPC",id:i,error:"NO_SUCH_METHOD"}):Promise.resolve().then((function(){return a.apply(null,o.params)})).then((function(t){e.postMessage({type:"RPC",id:i,result:t})})).catch((function(t){e.postMessage({type:"RPC",id:i,error:""+t})}))}else{var u=n[i];if(null==u)throw Error("Unknown callback ".concat(i));delete n[i],o.error?u[1](Error(o.error)):u[0](o.result)}}catch(e){console.error("worker addEventListener error",e)}}))})(self,__dworker_1784116017537__,{}); @ https://o.alicdn.com/dawn/dawn-tracker-aliyun/index.umd.js:0
[    1201ms] [WARNING] [AES] 未监测到Aplus SDK @ https://o.alicdn.com/dawn/dawn-tracker-aliyun/index.umd.js:0
[    1201ms] [LOG] goldlogReport page_show EXP {refererHost: undefined, refererHostValid: undefined} @ https://g.alicdn.com/aliyun-havana/havana-nlogin/0.9.61/index.js:0
[    1213ms] [LOG] goldlogReport postMessage OTHER {url: https%3A%2F%2Faccount.aliyun.com%2F, isWhiteList: undefined} @ https://g.alicdn.com/aliyun-havana/havana-nlogin/0.9.61/index.js:0
[    1258ms] [WARNING] var __dworker_1784116017633__={};
__dworker_1784116017633__.default=function(e,t){for(var n in t){var r=t[n],o=!1;if("[object Array]"===Object.prototype.toString.call(r))for(var i=0;i<r.length;i++){var a=r[i];for(var u in a)if("customInfo"!==u){var c=a[u];switch(Object.prototype.toString.call(c)){case"[object RegExp]":o=c.test(e[u]);break;case"[object String]":o=c===e[u];break;default:o=e[u]===c}if(!o)break}if(o)return[n,a.customInfo]}}return[]};

(function M(e,t,n){e.addEventListener("message",(function(r){var o=r.data;try{var i=o.id;if("RPC"!==o.type||null==i)return;if(o.method){var a=t[o.method];null==a?e.postMessage({type:"RPC",id:i,error:"NO_SUCH_METHOD"}):Promise.resolve().then((function(){return a.apply(null,o.params)})).then((function(t){e.postMessage({type:"RPC",id:i,result:t})})).catch((function(t){e.postMessage({type:"RPC",id:i,error:""+t})}))}else{var u=n[i];if(null==u)throw Error("Unknown callback ".concat(i));delete n[i],o.error?u[1](Error(o.error)):u[0](o.result)}}catch(e){console.error("worker addEventListener error",e)}}))})(self,__dworker_1784116017633__,{}); @ https://o.alicdn.com/dawn/dawn-tracker-aliyun/index.umd.js:0
[    1279ms] [WARNING] var __dworker_1784116017654__={};
__dworker_1784116017654__.default=function(e,t){for(var n in t){var r=t[n],o=!1;if("[object Array]"===Object.prototype.toString.call(r))for(var i=0;i<r.length;i++){var a=r[i];for(var u in a)if("customInfo"!==u){var c=a[u];switch(Object.prototype.toString.call(c)){case"[object RegExp]":o=c.test(e[u]);break;case"[object String]":o=c===e[u];break;default:o=e[u]===c}if(!o)break}if(o)return[n,a.customInfo]}}return[]};

(function M(e,t,n){e.addEventListener("message",(function(r){var o=r.data;try{var i=o.id;if("RPC"!==o.type||null==i)return;if(o.method){var a=t[o.method];null==a?e.postMessage({type:"RPC",id:i,error:"NO_SUCH_METHOD"}):Promise.resolve().then((function(){return a.apply(null,o.params)})).then((function(t){e.postMessage({type:"RPC",id:i,result:t})})).catch((function(t){e.postMessage({type:"RPC",id:i,error:""+t})}))}else{var u=n[i];if(null==u)throw Error("Unknown callback ".concat(i));delete n[i],o.error?u[1](Error(o.error)):u[0](o.result)}}catch(e){console.error("worker addEventListener error",e)}}))})(self,__dworker_1784116017654__,{}); @ https://o.alicdn.com/dawn/dawn-tracker-aliyun/index.umd.js:0
[    1290ms] [VERBOSE] [DOM] Input elements should have autocomplete attributes (suggested: "current-password"): (More info: https://goo.gl/9p2vKq) %o @ https://passport.aliyun.com/havanaone/login/login.htm?lang=zh_CN&appName=aliyun&appEntrance=aliyun_pc_pwd&styleType=vertical&bizParams=&notLoadSsoView=true&notKeepLogin=true&isMobile=false&targetId=alibaba-login-iframe&regUrl=https%3A%2F%2Faccount.aliyun.com%2Fregister%2Fqr_register.htm%3Foauth_callback%3Dhttp%253A%252F%252Fdc.console.aliyun.com%252Fnext%252Findex&returnUrl=https%3A%2F%2Faccount.aliyun.com%2Flogin%2Flogin_aliyun.htm%3Fft%3Dpc_pwd_m%26oauth_callback%3Dhttp%253A%252F%252Fdc.console.aliyun.com%252Fnext%252Findex%26log_channel%3Dindep%26log_platform%3Dpc%26login_log_entrance%3Dofficial%26login_method%3Dpwd_login%26log_biz%3Daliyun&newSmsLoginReg=true&cssUrl=https%3A%2F%2Fg.alicdn.com%2Fdawn%2Faliyun-account-styles%2F0.0.1%2Flogin-embedder.css&bizPassParams=%7B%22tenantName%22%3A%22%22%7D&&rnd=0.18535766162703637:0
[    1340ms] [LOG] null @ https://g.alicdn.com/aliyun-havana/fe-account-login-reg/0.0.17/umi.js:17
[    1368ms] [LOG] goldlogReport page_show EXP {refererHost: undefined, refererHostValid: undefined} @ https://g.alicdn.com/aliyun-havana/havana-nlogin/0.9.61/index.js:0
[    1379ms] [LOG] goldlogReport postMessage OTHER {url: https%3A%2F%2Faccount.aliyun.com%2F, isWhiteList: undefined} @ https://g.alicdn.com/aliyun-havana/havana-nlogin/0.9.61/index.js:0
[    1379ms] [LOG] goldlogReport passkey.page.view CLK undefined @ https://g.alicdn.com/aliyun-havana/havana-nlogin/0.9.61/index.js:0
[    1426ms] [LOG] null @ https://g.alicdn.com/aliyun-havana/fe-account-login-reg/0.0.17/umi.js:17
[    1504ms] [LOG] Wed Jul 15 2026 19:46:57 GMT+0800 (中国标准时间) @ https://g.alicdn.com/AWSC/et/1.83.41/et_f.js:1
[    1527ms] [LOG] Wed Jul 15 2026 19:46:57 GMT+0800 (中国标准时间) @ https://g.alicdn.com/AWSC/et/1.83.41/et_f.js:1
[    1563ms] [LOG] Wed Jul 15 2026 19:46:57 GMT+0800 (中国标准时间) @ https://g.alicdn.com/AWSC/et/1.83.41/et_f.js:1
[    1625ms] [ERROR] Permissions policy violation: accelerometer is not allowed in this document. @ https://g.alicdn.com/AWSC/fireyejs/1.231.69/fireyejs.js:0
[    1625ms] [WARNING] The deviceorientation events are blocked by permissions policy. See https://github.com/w3c/webappsec-permissions-policy/blob/master/features.md#sensor-features @ https://g.alicdn.com/AWSC/fireyejs/1.231.69/fireyejs.js:0
[    1632ms] [ERROR] Permissions policy violation: accelerometer is not allowed in this document. @ https://g.alicdn.com/AWSC/fireyejs/1.231.69/fireyejs.js:0
[    1632ms] [WARNING] The deviceorientation events are blocked by permissions policy. See https://github.com/w3c/webappsec-permissions-policy/blob/master/features.md#sensor-features @ https://g.alicdn.com/AWSC/fireyejs/1.231.69/fireyejs.js:0
[    1644ms] [ERROR] Permissions policy violation: accelerometer is not allowed in this document. @ https://g.alicdn.com/AWSC/fireyejs/1.231.69/fireyejs.js:0
[    1644ms] [WARNING] The deviceorientation events are blocked by permissions policy. See https://github.com/w3c/webappsec-permissions-policy/blob/master/features.md#sensor-features @ https://g.alicdn.com/AWSC/fireyejs/1.231.69/fireyejs.js:0
[    1925ms] [LOG] goldlogReport postMessage OTHER {url: https%3A%2F%2Faccount.aliyun.com%2F, isWhiteList: undefined} @ https://g.alicdn.com/aliyun-havana/havana-nlogin/0.9.61/index.js:0
[    1925ms] [LOG] resize {action: resizeIframe, height: 168, width: 400} @ https://g.alicdn.com/aliyun-havana/havana-nlogin/0.9.61/index.js:0
[    1925ms] [LOG] goldlogReport postMessage OTHER {url: https%3A%2F%2Faccount.aliyun.com%2F, isWhiteList: undefined} @ https://g.alicdn.com/aliyun-havana/havana-nlogin/0.9.61/index.js:0
[    1993ms] [LOG] Wed Jul 15 2026 19:46:58 GMT+0800 (中国标准时间) @ https://g.alicdn.com/AWSC/et/1.83.41/et_f.js:1
[    2082ms] [LOG] goldlogReport postMessage OTHER {url: https%3A%2F%2Faccount.aliyun.com%2F, isWhiteList: undefined} @ https://g.alicdn.com/aliyun-havana/havana-nlogin/0.9.61/index.js:0
[    2083ms] [LOG] resize {action: resizeIframe, height: 168, width: 400} @ https://g.alicdn.com/aliyun-havana/havana-nlogin/0.9.61/index.js:0
[    2084ms] [LOG] goldlogReport postMessage OTHER {url: https%3A%2F%2Faccount.aliyun.com%2F, isWhiteList: undefined} @ https://g.alicdn.com/aliyun-havana/havana-nlogin/0.9.61/index.js:0
[  904866ms] [WARNING] The resource https://img.alicdn.com/imgextra/i3/O1CN01XPGaD31cwcc5WQBM2_!!6000000003665-0-tps-3840-2160.jpg was preloaded using link preload but not used within a few seconds from the window's load event. Please make sure it has an appropriate `as` value and it is preloaded intentionally. @ https://account.aliyun.com/login/login.htm?oauth_callback=http%3A%2F%2Fdc.console.aliyun.com%2Fnext%2Findex:0
